<?xml version="1.0" encoding="UTF-8"?>
<testsuite xmlns:xsi="http://www.w3.org/2001/XMLSchema-instance" xsi:noNamespaceSchemaLocation="https://maven.apache.org/surefire/maven-surefire-plugin/xsd/surefire-test-report.xsd" name="TestSuite" time="147.273" tests="6" errors="0" skipped="0" failures="0">
  <properties>
    <property name="java.specification.version" value="15"/>
    <property name="sun.cpu.isalist" value="amd64"/>
    <property name="sun.jnu.encoding" value="Cp1252"/>
    <property name="java.class.path" value="C:\Users\KumarHalijol\Project\AutomationFramework\target\test-classes;C:\Users\KumarHalijol\Project\AutomationFramework\target\classes;C:\Users\KumarHalijol\.m2\repository\org\testng\testng\6.9.6\testng-6.9.6.jar;C:\Users\KumarHalijol\.m2\repository\com\google\inject\guice\4.0\guice-4.0-no_aop.jar;C:\Users\KumarHalijol\.m2\repository\javax\inject\javax.inject\1\javax.inject-1.jar;C:\Users\KumarHalijol\.m2\repository\aopalliance\aopalliance\1.0\aopalliance-1.0.jar;C:\Users\KumarHalijol\.m2\repository\org\beanshell\bsh\2.0b4\bsh-2.0b4.jar;C:\Users\KumarHalijol\.m2\repository\org\apache\ant\ant\1.7.0\ant-1.7.0.jar;C:\Users\KumarHalijol\.m2\repository\org\apache\ant\ant-launcher\1.7.0\ant-launcher-1.7.0.jar;C:\Users\KumarHalijol\.m2\repository\com\beust\jcommander\1.48\jcommander-1.48.jar;C:\Users\KumarHalijol\.m2\repository\org\yaml\snakeyaml\1.15\snakeyaml-1.15.jar;C:\Users\KumarHalijol\.m2\repository\junit\junit\4.10\junit-4.10.jar;C:\Users\KumarHalijol\.m2\repository\org\hamcrest\hamcrest-core\1.1\hamcrest-core-1.1.jar;C:\Users\KumarHalijol\.m2\repository\org\seleniumhq\selenium\selenium-java\3.6.0\selenium-java-3.6.0.jar;C:\Users\KumarHalijol\.m2\repository\org\seleniumhq\selenium\selenium-api\3.6.0\selenium-api-3.6.0.jar;C:\Users\KumarHalijol\.m2\repository\org\seleniumhq\selenium\selenium-chrome-driver\3.6.0\selenium-chrome-driver-3.6.0.jar;C:\Users\KumarHalijol\.m2\repository\org\seleniumhq\selenium\selenium-edge-driver\3.6.0\selenium-edge-driver-3.6.0.jar;C:\Users\KumarHalijol\.m2\repository\org\seleniumhq\selenium\selenium-firefox-driver\3.6.0\selenium-firefox-driver-3.6.0.jar;C:\Users\KumarHalijol\.m2\repository\org\seleniumhq\selenium\selenium-ie-driver\3.6.0\selenium-ie-driver-3.6.0.jar;C:\Users\KumarHalijol\.m2\repository\org\seleniumhq\selenium\selenium-opera-driver\3.6.0\selenium-opera-driver-3.6.0.jar;C:\Users\KumarHalijol\.m2\repository\org\seleniumhq\selenium\selenium-remote-driver\3.6.0\selenium-remote-driver-3.6.0.jar;C:\Users\KumarHalijol\.m2\repository\org\seleniumhq\selenium\selenium-safari-driver\3.6.0\selenium-safari-driver-3.6.0.jar;C:\Users\KumarHalijol\.m2\repository\org\seleniumhq\selenium\selenium-support\3.6.0\selenium-support-3.6.0.jar;C:\Users\KumarHalijol\.m2\repository\net\bytebuddy\byte-buddy\1.7.5\byte-buddy-1.7.5.jar;C:\Users\KumarHalijol\.m2\repository\org\apache\commons\commons-exec\1.3\commons-exec-1.3.jar;C:\Users\KumarHalijol\.m2\repository\commons-codec\commons-codec\1.10\commons-codec-1.10.jar;C:\Users\KumarHalijol\.m2\repository\commons-logging\commons-logging\1.2\commons-logging-1.2.jar;C:\Users\KumarHalijol\.m2\repository\com\google\code\gson\gson\2.8.0\gson-2.8.0.jar;C:\Users\KumarHalijol\.m2\repository\com\google\guava\guava\23.0\guava-23.0.jar;C:\Users\KumarHalijol\.m2\repository\com\google\code\findbugs\jsr305\1.3.9\jsr305-1.3.9.jar;C:\Users\KumarHalijol\.m2\repository\com\google\errorprone\error_prone_annotations\2.0.18\error_prone_annotations-2.0.18.jar;C:\Users\KumarHalijol\.m2\repository\com\google\j2objc\j2objc-annotations\1.1\j2objc-annotations-1.1.jar;C:\Users\KumarHalijol\.m2\repository\org\codehaus\mojo\animal-sniffer-annotations\1.14\animal-sniffer-annotations-1.14.jar;C:\Users\KumarHalijol\.m2\repository\org\apache\httpcomponents\httpclient\4.5.3\httpclient-4.5.3.jar;C:\Users\KumarHalijol\.m2\repository\org\apache\httpcomponents\httpcore\4.4.6\httpcore-4.4.6.jar;C:\Users\KumarHalijol\.m2\repository\net\java\dev\jna\jna\4.1.0\jna-4.1.0.jar;C:\Users\KumarHalijol\.m2\repository\net\java\dev\jna\jna-platform\4.1.0\jna-platform-4.1.0.jar;C:\Users\KumarHalijol\.m2\repository\log4j\log4j\1.2.17\log4j-1.2.17.jar;C:\Users\KumarHalijol\.m2\repository\org\testng\reportng\1.2.2\reportng-1.2.2.jar;C:\Users\KumarHalijol\.m2\repository\org\freemarker\freemarker\2.3.28\freemarker-2.3.28.jar;C:\Users\KumarHalijol\.m2\repository\com\google\inject\guice\4.2.0\guice-4.2.0.jar;C:\Users\KumarHalijol\.m2\repository\commons-io\commons-io\1.3.2\commons-io-1.3.2.jar;C:\Users\KumarHalijol\.m2\repository\org\apache\maven\surefire\surefire-testng-utils\2.22.0\surefire-testng-utils-2.22.0.jar;C:\Users\KumarHalijol\.m2\repository\org\apache\maven\surefire\surefire-grouper\2.22.0\surefire-grouper-2.22.0.jar;"/>
    <property name="java.vm.vendor" value="Oracle Corporation"/>
    <property name="sun.arch.data.model" value="64"/>
    <property name="user.variant" value=""/>
    <property name="java.vendor.url" value="https://java.oracle.com/"/>
    <property name="user.timezone" value="Asia/Calcutta"/>
    <property name="os.name" value="Windows 10"/>
    <property name="java.vm.specification.version" value="15"/>
    <property name="sun.java.launcher" value="SUN_STANDARD"/>
    <property name="user.country" value="IN"/>
    <property name="sun.boot.library.path" value="C:\jdk-15.0.1_windows-x64_bin\jdk-15.0.1\bin"/>
    <property name="sun.java.command" value="C:\Users\KUMARH~1\AppData\Local\Temp\surefire7796491407296793656\surefirebooter17038947087120136046.jar C:\Users\KumarHalijol\AppData\Local\Temp\surefire7796491407296793656 2021-04-05T12-01-53_802-jvmRun1 surefire3552668867618063356tmp surefire_011866032337749605302tmp"/>
    <property name="jdk.debug" value="release"/>
    <property name="surefire.test.class.path" value="C:\Users\KumarHalijol\Project\AutomationFramework\target\test-classes;C:\Users\KumarHalijol\Project\AutomationFramework\target\classes;C:\Users\KumarHalijol\.m2\repository\org\testng\testng\6.9.6\testng-6.9.6.jar;C:\Users\KumarHalijol\.m2\repository\com\google\inject\guice\4.0\guice-4.0-no_aop.jar;C:\Users\KumarHalijol\.m2\repository\javax\inject\javax.inject\1\javax.inject-1.jar;C:\Users\KumarHalijol\.m2\repository\aopalliance\aopalliance\1.0\aopalliance-1.0.jar;C:\Users\KumarHalijol\.m2\repository\org\beanshell\bsh\2.0b4\bsh-2.0b4.jar;C:\Users\KumarHalijol\.m2\repository\org\apache\ant\ant\1.7.0\ant-1.7.0.jar;C:\Users\KumarHalijol\.m2\repository\org\apache\ant\ant-launcher\1.7.0\ant-launcher-1.7.0.jar;C:\Users\KumarHalijol\.m2\repository\com\beust\jcommander\1.48\jcommander-1.48.jar;C:\Users\KumarHalijol\.m2\repository\org\yaml\snakeyaml\1.15\snakeyaml-1.15.jar;C:\Users\KumarHalijol\.m2\repository\junit\junit\4.10\junit-4.10.jar;C:\Users\KumarHalijol\.m2\repository\org\hamcrest\hamcrest-core\1.1\hamcrest-core-1.1.jar;C:\Users\KumarHalijol\.m2\repository\org\seleniumhq\selenium\selenium-java\3.6.0\selenium-java-3.6.0.jar;C:\Users\KumarHalijol\.m2\repository\org\seleniumhq\selenium\selenium-api\3.6.0\selenium-api-3.6.0.jar;C:\Users\KumarHalijol\.m2\repository\org\seleniumhq\selenium\selenium-chrome-driver\3.6.0\selenium-chrome-driver-3.6.0.jar;C:\Users\KumarHalijol\.m2\repository\org\seleniumhq\selenium\selenium-edge-driver\3.6.0\selenium-edge-driver-3.6.0.jar;C:\Users\KumarHalijol\.m2\repository\org\seleniumhq\selenium\selenium-firefox-driver\3.6.0\selenium-firefox-driver-3.6.0.jar;C:\Users\KumarHalijol\.m2\repository\org\seleniumhq\selenium\selenium-ie-driver\3.6.0\selenium-ie-driver-3.6.0.jar;C:\Users\KumarHalijol\.m2\repository\org\seleniumhq\selenium\selenium-opera-driver\3.6.0\selenium-opera-driver-3.6.0.jar;C:\Users\KumarHalijol\.m2\repository\org\seleniumhq\selenium\selenium-remote-driver\3.6.0\selenium-remote-driver-3.6.0.jar;C:\Users\KumarHalijol\.m2\repository\org\seleniumhq\selenium\selenium-safari-driver\3.6.0\selenium-safari-driver-3.6.0.jar;C:\Users\KumarHalijol\.m2\repository\org\seleniumhq\selenium\selenium-support\3.6.0\selenium-support-3.6.0.jar;C:\Users\KumarHalijol\.m2\repository\net\bytebuddy\byte-buddy\1.7.5\byte-buddy-1.7.5.jar;C:\Users\KumarHalijol\.m2\repository\org\apache\commons\commons-exec\1.3\commons-exec-1.3.jar;C:\Users\KumarHalijol\.m2\repository\commons-codec\commons-codec\1.10\commons-codec-1.10.jar;C:\Users\KumarHalijol\.m2\repository\commons-logging\commons-logging\1.2\commons-logging-1.2.jar;C:\Users\KumarHalijol\.m2\repository\com\google\code\gson\gson\2.8.0\gson-2.8.0.jar;C:\Users\KumarHalijol\.m2\repository\com\google\guava\guava\23.0\guava-23.0.jar;C:\Users\KumarHalijol\.m2\repository\com\google\code\findbugs\jsr305\1.3.9\jsr305-1.3.9.jar;C:\Users\KumarHalijol\.m2\repository\com\google\errorprone\error_prone_annotations\2.0.18\error_prone_annotations-2.0.18.jar;C:\Users\KumarHalijol\.m2\repository\com\google\j2objc\j2objc-annotations\1.1\j2objc-annotations-1.1.jar;C:\Users\KumarHalijol\.m2\repository\org\codehaus\mojo\animal-sniffer-annotations\1.14\animal-sniffer-annotations-1.14.jar;C:\Users\KumarHalijol\.m2\repository\org\apache\httpcomponents\httpclient\4.5.3\httpclient-4.5.3.jar;C:\Users\KumarHalijol\.m2\repository\org\apache\httpcomponents\httpcore\4.4.6\httpcore-4.4.6.jar;C:\Users\KumarHalijol\.m2\repository\net\java\dev\jna\jna\4.1.0\jna-4.1.0.jar;C:\Users\KumarHalijol\.m2\repository\net\java\dev\jna\jna-platform\4.1.0\jna-platform-4.1.0.jar;C:\Users\KumarHalijol\.m2\repository\log4j\log4j\1.2.17\log4j-1.2.17.jar;C:\Users\KumarHalijol\.m2\repository\org\testng\reportng\1.2.2\reportng-1.2.2.jar;C:\Users\KumarHalijol\.m2\repository\org\freemarker\freemarker\2.3.28\freemarker-2.3.28.jar;C:\Users\KumarHalijol\.m2\repository\com\google\inject\guice\4.2.0\guice-4.2.0.jar;C:\Users\KumarHalijol\.m2\repository\commons-io\commons-io\1.3.2\commons-io-1.3.2.jar;C:\Users\KumarHalijol\.m2\repository\org\apache\maven\surefire\surefire-testng-utils\2.22.0\surefire-testng-utils-2.22.0.jar;C:\Users\KumarHalijol\.m2\repository\org\apache\maven\surefire\surefire-grouper\2.22.0\surefire-grouper-2.22.0.jar;"/>
    <property name="sun.cpu.endian" value="little"/>
    <property name="user.home" value="C:\Users\KumarHalijol"/>
    <property name="user.language" value="en"/>
    <property name="java.specification.vendor" value="Oracle Corporation"/>
    <property name="java.version.date" value="2020-10-20"/>
    <property name="java.home" value="C:\jdk-15.0.1_windows-x64_bin\jdk-15.0.1"/>
    <property name="file.separator" value="\"/>
    <property name="basedir" value="C:\Users\KumarHalijol\Project\AutomationFramework"/>
    <property name="java.vm.compressedOopsMode" value="Zero based"/>
    <property name="line.separator" value="&#10;"/>
    <property name="java.vm.specification.vendor" value="Oracle Corporation"/>
    <property name="java.specification.name" value="Java Platform API Specification"/>
    <property name="surefire.real.class.path" value="C:\Users\KUMARH~1\AppData\Local\Temp\surefire7796491407296793656\surefirebooter17038947087120136046.jar"/>
    <property name="user.script" value=""/>
    <property name="sun.management.compiler" value="HotSpot 64-Bit Tiered Compilers"/>
    <property name="java.runtime.version" value="15.0.1+9-18"/>
    <property name="user.name" value="KumarHalijol"/>
    <property name="path.separator" value=";"/>
    <property name="os.version" value="10.0"/>
    <property name="java.runtime.name" value="Java(TM) SE Runtime Environment"/>
    <property name="file.encoding" value="Cp1252"/>
    <property name="java.vm.name" value="Java HotSpot(TM) 64-Bit Server VM"/>
    <property name="localRepository" value="C:\Users\KumarHalijol\.m2\repository"/>
    <property name="java.vendor.url.bug" value="https://bugreport.java.com/bugreport/"/>
    <property name="java.io.tmpdir" value="C:\Users\KUMARH~1\AppData\Local\Temp\"/>
    <property name="java.version" value="15.0.1"/>
    <property name="user.dir" value="C:\Users\KumarHalijol\Project\AutomationFramework"/>
    <property name="os.arch" value="amd64"/>
    <property name="java.vm.specification.name" value="Java Virtual Machine Specification"/>
    <property name="sun.os.patch.level" value=""/>
    <property name="java.library.path" value="C:\jdk-15.0.1_windows-x64_bin\jdk-15.0.1\bin;C:\Windows\Sun\Java\bin;C:\Windows\system32;C:\Windows;C:\Users\KumarHalijol\bin;C:\Program Files\Git\mingw64\bin;C:\Program Files\Git\usr\local\bin;C:\Program Files\Git\usr\bin;C:\Program Files\Git\usr\bin;C:\Program Files\Git\mingw64\bin;C:\Program Files\Git\usr\bin;C:\Users\KumarHalijol\bin;C:\Windows\system32;C:\Windows;C:\Windows\System32\Wbem;C:\Windows\System32\WindowsPowerShell\v1.0;C:\Windows\System32\OpenSSH;C:\Program Files\Intel\WiFi\bin;C:\Program Files\Common Files\Intel\WirelessCommon;C:\jdk-15.0.1_windows-x64_bin\jdk-15.0.1;D:\tools\apache-maven-3.6.3-bin\apache-maven-3.6.3\bin;C:\jdk-15.0.1_windows-x64_bin\jdk-15.0.1\bin;C:\Program Files (x86)\Intel\Intel(R) Management Engine Components\DAL;C:\Program Files\Intel\Intel(R) Management Engine Components\DAL;C:\Program Files\Git\cmd;C:\Users\KumarHalijol\AppData\Local\Microsoft\WindowsApps;C:\Program Files\JetBrains\IntelliJ IDEA Community Edition 2020.2.3\bin;C:\Program Files\Git\usr\bin\vendor_perl;C:\Program Files\Git\usr\bin\core_perl;."/>
    <property name="java.vm.info" value="mixed mode, sharing"/>
    <property name="java.vendor" value="Oracle Corporation"/>
    <property name="java.vm.version" value="15.0.1+9-18"/>
    <property name="sun.io.unicode.encoding" value="UnicodeLittle"/>
    <property name="java.class.version" value="59.0"/>
  </properties>
  <testcase name="testToverifyGooglePageTop10ResultsLinkAndOpenLinkandCountKeyword" classname="googletests.Verify_GooglePageTop10ResultsLinkAndOpenLinkandCountKeyword" time="134.133"/>
  <testcase name="testToverifyGoogleForTop10Results" classname="googletests.Verify_RetriveGooglePageTop10ResultsAndStoreInFileandDisplay" time="2.253"/>
  <testcase name="testToverifyGoogleForTop10Results" classname="googletests.Verify_RetriveGooglePageTop10ResultsAndStoreInFileandDisplay" time="0.393"/>
  <testcase name="testToverifyGoogleForTop10Results" classname="googletests.Verify_RetriveGooglePageTop10ResultsAndStoreInFileandDisplay" time="0.297"/>
  <testcase name="testToverifyGoogleForTop10Results" classname="googletests.Verify_RetriveGooglePageTop10ResultsAndStoreInFileandDisplay" time="0.289"/>
  <testcase name="testToverifyGoogleForTop10Results" classname="googletests.Verify_RetriveGooglePageTop10ResultsAndStoreInFileandDisplay" time="0.324"/>
</testsuite>