<?xml version="1.0" encoding="UTF-8"?>
<!-- Generated by org.testng.reporters.JUnitReportReporter -->
<testsuite hostname="DESKTOP-5LMBOJS" failures="0" tests="1" name="googletests.Verify_GooglePageTop10ResultsLinkAndOpenLinkandCountKeyword" time="160.471" errors="0" timestamp="5 Apr 2021 06:09:58 GMT">
  <testcase classname="googletests.Verify_GooglePageTop10ResultsLinkAndOpenLinkandCountKeyword" name="testToverifyGoogleForTop10Results" time="160.471"/>
</testsuite> <!-- googletests.Verify_GooglePageTop10ResultsLinkAndOpenLinkandCountKeyword -->
