<?xml version="1.0" encoding="UTF-8"?>
<!-- Generated by org.testng.reporters.JUnitReportReporter -->
<testsuite hostname="DESKTOP-5LMBOJS" failures="0" tests="2" name="googletests.Tc1" time="3.272" errors="0" timestamp="4 Apr 2021 16:37:29 GMT">
  <testcase classname="googletests.Tc1" name="Ytest1" time="1.845"/>
  <testcase classname="googletests.Tc1" name="Ytest2" time="1.427"/>
</testsuite> <!-- googletests.Tc1 -->
