<?xml version="1.0" encoding="UTF-8"?>
<!-- Generated by org.testng.reporters.JUnitReportReporter -->
<testsuite hostname="DESKTOP-5LMBOJS" failures="0" tests="5" name="googletests.Verify_RetriveGooglePageTop10ResultsAndStoreInFileandDisplay" time="8.939" errors="0" timestamp="5 Apr 2021 06:09:58 GMT">
  <testcase classname="googletests.Verify_RetriveGooglePageTop10ResultsAndStoreInFileandDisplay" name="testToverifyGoogleForTop10Results" time="1.787"/>
  <testcase classname="googletests.Verify_RetriveGooglePageTop10ResultsAndStoreInFileandDisplay" name="testToverifyGoogleForTop10Results" time="1.990"/>
  <testcase classname="googletests.Verify_RetriveGooglePageTop10ResultsAndStoreInFileandDisplay" name="testToverifyGoogleForTop10Results" time="1.877"/>
  <testcase classname="googletests.Verify_RetriveGooglePageTop10ResultsAndStoreInFileandDisplay" name="testToverifyGoogleForTop10Results" time="1.517"/>
  <testcase classname="googletests.Verify_RetriveGooglePageTop10ResultsAndStoreInFileandDisplay" name="testToverifyGoogleForTop10Results" time="1.768"/>
</testsuite> <!-- googletests.Verify_RetriveGooglePageTop10ResultsAndStoreInFileandDisplay -->
