<?xml version="1.0" encoding="UTF-8"?>
<!-- Generated by org.testng.reporters.JUnitReportReporter -->
<testsuite hostname="DESKTOP-5LMBOJS" failures="0" tests="5" name="googletests.verifyGoogleForTop10Results" time="11.555" errors="0" timestamp="4 Apr 2021 08:41:42 GMT">
  <testcase classname="googletests.verifyGoogleForTop10Results" name="testToverifyGoogleForTop10Results" time="2.332"/>
  <testcase classname="googletests.verifyGoogleForTop10Results" name="testToverifyGoogleForTop10Results" time="2.265"/>
  <testcase classname="googletests.verifyGoogleForTop10Results" name="testToverifyGoogleForTop10Results" time="2.263"/>
  <testcase classname="googletests.verifyGoogleForTop10Results" name="testToverifyGoogleForTop10Results" time="2.324"/>
  <testcase classname="googletests.verifyGoogleForTop10Results" name="testToverifyGoogleForTop10Results" time="2.371"/>
</testsuite> <!-- googletests.verifyGoogleForTop10Results -->
