<?xml version="1.0" encoding="UTF-8"?>
<!-- Generated by org.testng.reporters.JUnitReportReporter -->
<testsuite hostname="DESKTOP-5LMBOJS" failures="0" tests="5" name="googletests.Verify_RetriveGooglePageTop10ResultsAndStoreInFileandDisplay" time="3.554" errors="0" timestamp="5 Apr 2021 06:34:21 GMT">
  <testcase classname="googletests.Verify_RetriveGooglePageTop10ResultsAndStoreInFileandDisplay" name="testToverifyGoogleForTop10Results" time="0.289"/>
  <testcase classname="googletests.Verify_RetriveGooglePageTop10ResultsAndStoreInFileandDisplay" name="testToverifyGoogleForTop10Results" time="0.324"/>
  <testcase classname="googletests.Verify_RetriveGooglePageTop10ResultsAndStoreInFileandDisplay" name="testToverifyGoogleForTop10Results" time="0.296"/>
  <testcase classname="googletests.Verify_RetriveGooglePageTop10ResultsAndStoreInFileandDisplay" name="testToverifyGoogleForTop10Results" time="0.396"/>
  <testcase classname="googletests.Verify_RetriveGooglePageTop10ResultsAndStoreInFileandDisplay" name="testToverifyGoogleForTop10Results" time="2.249"/>
</testsuite> <!-- googletests.Verify_RetriveGooglePageTop10ResultsAndStoreInFileandDisplay -->
