<?xml version="1.0" encoding="UTF-8"?>
<!-- Generated by org.testng.reporters.JUnitReportReporter -->
<testsuite hostname="DESKTOP-5LMBOJS" failures="0" tests="1" name="googletests.Verify_GooglePageTop10ResultsLinkAndOpenLinkandCountKeyword" time="134.128" errors="0" timestamp="5 Apr 2021 06:34:21 GMT">
  <testcase classname="googletests.Verify_GooglePageTop10ResultsLinkAndOpenLinkandCountKeyword" name="testToverifyGooglePageTop10ResultsLinkAndOpenLinkandCountKeyword" time="134.128"/>
</testsuite> <!-- googletests.Verify_GooglePageTop10ResultsLinkAndOpenLinkandCountKeyword -->
